2014-01-07 04:33:26 Error: [MissingBehaviorException] Behavior class SearchableBehavior could not be found.
Exception Attributes: array (
  'class' => 'SearchableBehavior',
  'plugin' => 'Search',
)
Request URL: /croogo/install/install/adminuser
Stack Trace:
#0 C:\xampp\htdocs\croogo\lib\Cake\Model\BehaviorCollection.php(66): BehaviorCollection->load('Search.Searchab...', Array)
#1 C:\xampp\htdocs\croogo\lib\Cake\Model\Model.php(747): BehaviorCollection->init('User', Array)
#2 C:\xampp\htdocs\croogo\app\Plugin\Croogo\Model\CroogoAppModel.php(56): Model->__construct(Array, NULL, NULL)
#3 [internal function]: CroogoAppModel->__construct(Array)
#4 C:\xampp\htdocs\croogo\lib\Cake\Utility\ClassRegistry.php(168): ReflectionClass->newInstance(Array)
#5 C:\xampp\htdocs\croogo\lib\Cake\Controller\Controller.php(738): ClassRegistry::init(Array)
#6 C:\xampp\htdocs\croogo\app\Plugin\Install\Controller\InstallController.php(172): Controller->loadModel('Users.User')
#7 [internal function]: InstallController->adminuser()
#8 C:\xampp\htdocs\croogo\lib\Cake\Controller\Controller.php(490): ReflectionMethod->invokeArgs(Object(InstallController), Array)
#9 C:\xampp\htdocs\croogo\lib\Cake\Routing\Dispatcher.php(185): Controller->invokeAction(Object(CakeRequest))
#10 C:\xampp\htdocs\croogo\lib\Cake\Routing\Dispatcher.php(160): Dispatcher->_invoke(Object(InstallController), Object(CakeRequest), Object(CakeResponse))
#11 C:\xampp\htdocs\croogo\app\webroot\index.php(96): Dispatcher->dispatch(Object(CakeRequest), Object(CakeResponse))
#12 {main}
2014-01-07 04:33:26 Critical: Errors in CakeErrorController: Behavior class SearchableBehavior could not be found.
2014-01-07 04:35:42 Error: [MissingBehaviorException] Behavior class SearchableBehavior could not be found.
Exception Attributes: array (
  'class' => 'SearchableBehavior',
  'plugin' => 'Search',
)
Request URL: /croogo/install/install/adminuser
Stack Trace:
#0 C:\xampp\htdocs\croogo\lib\Cake\Model\BehaviorCollection.php(66): BehaviorCollection->load('Search.Searchab...', Array)
#1 C:\xampp\htdocs\croogo\lib\Cake\Model\Model.php(747): BehaviorCollection->init('User', Array)
#2 C:\xampp\htdocs\croogo\app\Plugin\Croogo\Model\CroogoAppModel.php(56): Model->__construct(Array, NULL, NULL)
#3 [internal function]: CroogoAppModel->__construct(Array)
#4 C:\xampp\htdocs\croogo\lib\Cake\Utility\ClassRegistry.php(168): ReflectionClass->newInstance(Array)
#5 C:\xampp\htdocs\croogo\lib\Cake\Controller\Controller.php(738): ClassRegistry::init(Array)
#6 C:\xampp\htdocs\croogo\app\Plugin\Install\Controller\InstallController.php(172): Controller->loadModel('Users.User')
#7 [internal function]: InstallController->adminuser()
#8 C:\xampp\htdocs\croogo\lib\Cake\Controller\Controller.php(490): ReflectionMethod->invokeArgs(Object(InstallController), Array)
#9 C:\xampp\htdocs\croogo\lib\Cake\Routing\Dispatcher.php(185): Controller->invokeAction(Object(CakeRequest))
#10 C:\xampp\htdocs\croogo\lib\Cake\Routing\Dispatcher.php(160): Dispatcher->_invoke(Object(InstallController), Object(CakeRequest), Object(CakeResponse))
#11 C:\xampp\htdocs\croogo\app\webroot\index.php(96): Dispatcher->dispatch(Object(CakeRequest), Object(CakeResponse))
#12 {main}
2014-01-07 04:35:42 Critical: Errors in CakeErrorController: Behavior class SearchableBehavior could not be found.
2014-01-07 04:41:54 Error: Installation failed: Unable to create settings file
2014-01-07 04:54:56 Error: Fatal Error (1): Class 'MigrationVersion' not found in [C:\xampp\htdocs\croogo\app\Plugin\Extensions\Lib\CroogoPlugin.php, line 375]
2014-01-07 04:54:56 Error: [InternalErrorException] Internal Server Error
Request URL: /croogo/install/install/data/run:1
Stack Trace:
#0 C:\xampp\htdocs\croogo\lib\Cake\Error\ErrorHandler.php(203): ErrorHandler::handleFatalError(1, 'Class 'Migratio...', 'C:\xampp\htdocs...', 375)
#1 [internal function]: ErrorHandler::handleError(1, 'Class 'Migratio...', 'C:\xampp\htdocs...', 375, Array)
#2 C:\xampp\htdocs\croogo\lib\Cake\Core\App.php(929): call_user_func('ErrorHandler::h...', 1, 'Class 'Migratio...', 'C:\xampp\htdocs...', 375, Array)
#3 C:\xampp\htdocs\croogo\lib\Cake\Core\App.php(902): App::_checkFatalError()
#4 [internal function]: App::shutdown()
#5 {main}
2014-01-07 04:54:56 Critical: Errors in CakeErrorController: Could not find %s.
2014-01-07 04:55:16 Error: Fatal Error (1): Class 'MigrationVersion' not found in [C:\xampp\htdocs\croogo\app\Plugin\Extensions\Lib\CroogoPlugin.php, line 375]
2014-01-07 04:55:16 Error: [InternalErrorException] Internal Server Error
Request URL: /croogo/install/install/data/run:1
Stack Trace:
#0 C:\xampp\htdocs\croogo\lib\Cake\Error\ErrorHandler.php(203): ErrorHandler::handleFatalError(1, 'Class 'Migratio...', 'C:\xampp\htdocs...', 375)
#1 [internal function]: ErrorHandler::handleError(1, 'Class 'Migratio...', 'C:\xampp\htdocs...', 375, Array)
#2 C:\xampp\htdocs\croogo\lib\Cake\Core\App.php(929): call_user_func('ErrorHandler::h...', 1, 'Class 'Migratio...', 'C:\xampp\htdocs...', 375, Array)
#3 C:\xampp\htdocs\croogo\lib\Cake\Core\App.php(902): App::_checkFatalError()
#4 [internal function]: App::shutdown()
#5 {main}
2014-01-07 04:55:16 Critical: Errors in CakeErrorController: Could not find %s.
2014-01-07 04:55:26 Error: Fatal Error (1): Class 'MigrationVersion' not found in [C:\xampp\htdocs\croogo\app\Plugin\Extensions\Lib\CroogoPlugin.php, line 375]
2014-01-07 04:55:26 Error: [InternalErrorException] Internal Server Error
Request URL: /croogo/install/install/data/run:1
Stack Trace:
#0 C:\xampp\htdocs\croogo\lib\Cake\Error\ErrorHandler.php(203): ErrorHandler::handleFatalError(1, 'Class 'Migratio...', 'C:\xampp\htdocs...', 375)
#1 [internal function]: ErrorHandler::handleError(1, 'Class 'Migratio...', 'C:\xampp\htdocs...', 375, Array)
#2 C:\xampp\htdocs\croogo\lib\Cake\Core\App.php(929): call_user_func('ErrorHandler::h...', 1, 'Class 'Migratio...', 'C:\xampp\htdocs...', 375, Array)
#3 C:\xampp\htdocs\croogo\lib\Cake\Core\App.php(902): App::_checkFatalError()
#4 [internal function]: App::shutdown()
#5 {main}
2014-01-07 04:55:26 Critical: Errors in CakeErrorController: Could not find %s.
2014-01-07 04:55:54 Error: Fatal Error (1): Class 'MigrationVersion' not found in [C:\xampp\htdocs\croogo\app\Plugin\Extensions\Lib\CroogoPlugin.php, line 375]
2014-01-07 04:55:54 Error: [InternalErrorException] Internal Server Error
Request URL: /croogo/install/install/data/run:1
Stack Trace:
#0 C:\xampp\htdocs\croogo\lib\Cake\Error\ErrorHandler.php(203): ErrorHandler::handleFatalError(1, 'Class 'Migratio...', 'C:\xampp\htdocs...', 375)
#1 [internal function]: ErrorHandler::handleError(1, 'Class 'Migratio...', 'C:\xampp\htdocs...', 375, Array)
#2 C:\xampp\htdocs\croogo\lib\Cake\Core\App.php(929): call_user_func('ErrorHandler::h...', 1, 'Class 'Migratio...', 'C:\xampp\htdocs...', 375, Array)
#3 C:\xampp\htdocs\croogo\lib\Cake\Core\App.php(902): App::_checkFatalError()
#4 [internal function]: App::shutdown()
#5 {main}
2014-01-07 04:55:54 Critical: Errors in CakeErrorController: Could not find %s.
2014-01-07 05:42:28 Error: [MissingControllerException] Controller class éhopController could not be found.
Exception Attributes: array (
  'class' => 'éhopController',
  'plugin' => NULL,
)
Request URL: /croogo/%C3%A9hop
Stack Trace:
#0 C:\xampp\htdocs\croogo\app\webroot\index.php(96): Dispatcher->dispatch(Object(CakeRequest), Object(CakeResponse))
#1 {main}
2014-01-07 05:42:34 Error: [MissingControllerException] Controller class EshopController could not be found.
Exception Attributes: array (
  'class' => 'EshopController',
  'plugin' => 'Eshop',
)
Request URL: /croogo/eshop
Stack Trace:
#0 C:\xampp\htdocs\croogo\app\webroot\index.php(96): Dispatcher->dispatch(Object(CakeRequest), Object(CakeResponse))
#1 {main}
